{"C:\\Users\\User\\bie-daalt-11\\partA\\lib\\api\\CacheFactory.ts": {"path":"C:\\Users\\User\\bie-daalt-11\\partA\\lib\\api\\CacheFactory.ts","statementMap":{"0":{"start":{"line":2,"column":0},"end":{"line":2,"column":44}},"1":{"start":{"line":3,"column":0},"end":{"line":3,"column":44}},"2":{"start":{"line":4,"column":0},"end":{"line":4,"column":44}},"3":{"start":{"line":5,"column":0},"end":{"line":5,"column":48}},"4":{"start":{"line":12,"column":21},"end":{"line":12,"column":44}},"5":{"start":{"line":13,"column":18},"end":{"line":13,"column":41}},"6":{"start":{"line":14,"column":4},"end":{"line":14,"column":63}},"7":{"start":{"line":14,"column":22},"end":{"line":14,"column":63}},"8":{"start":{"line":15,"column":4},"end":{"line":19,"column":5}},"9":{"start":{"line":16,"column":18},"end":{"line":16,"column":54}},"10":{"start":{"line":17,"column":18},"end":{"line":17,"column":54}},"11":{"start":{"line":18,"column":18},"end":{"line":18,"column":51}},"12":{"start":{"line":10,"column":0},"end":{"line":10,"column":13}}},"fnMap":{"0":{"name":"(anonymous_0)","decl":{"start":{"line":11,"column":2},"end":{"line":11,"column":8}},"loc":{"start":{"line":11,"column":73},"end":{"line":20,"column":3}}}},"branchMap":{"0":{"loc":{"start":{"line":11,"column":47},"end":{"line":11,"column":73}},"type":"default-arg","locations":[{"start":{"line":11,"column":71},"end":{"line":11,"column":73}}]},"1":{"loc":{"start":{"line":12,"column":21},"end":{"line":12,"column":44}},"type":"binary-expr","locations":[{"start":{"line":12,"column":21},"end":{"line":12,"column":37}},{"start":{"line":12,"column":41},"end":{"line":12,"column":44}}]},"2":{"loc":{"start":{"line":13,"column":18},"end":{"line":13,"column":41}},"type":"binary-expr","locations":[{"start":{"line":13,"column":18},"end":{"line":13,"column":31}},{"start":{"line":13,"column":35},"end":{"line":13,"column":41}}]},"3":{"loc":{"start":{"line":14,"column":4},"end":{"line":14,"column":63}},"type":"if","locations":[{"start":{"line":14,"column":4},"end":{"line":14,"column":63}}]},"4":{"loc":{"start":{"line":15,"column":4},"end":{"line":19,"column":5}},"type":"switch","locations":[{"start":{"line":16,"column":6},"end":{"line":16,"column":54}},{"start":{"line":17,"column":6},"end":{"line":17,"column":54}},{"start":{"line":18,"column":6},"end":{"line":18,"column":51}}]}},"s":{"0":1,"1":1,"2":1,"3":1,"4":19,"5":19,"6":19,"7":1,"8":18,"9":8,"10":5,"11":5,"12":1},"f":{"0":19},"b":{"0":[0],"1":[19,5],"2":[19,14],"3":[1],"4":[8,5,5]}}
,"C:\\Users\\User\\bie-daalt-11\\partA\\lib\\api\\errors.ts": {"path":"C:\\Users\\User\\bie-daalt-11\\partA\\lib\\api\\errors.ts","statementMap":{"0":{"start":{"line":3,"column":4},"end":{"line":3,"column":41}},"1":{"start":{"line":4,"column":4},"end":{"line":4,"column":34}},"2":{"start":{"line":1,"column":0},"end":{"line":1,"column":13}},"3":{"start":{"line":10,"column":4},"end":{"line":10,"column":65}},"4":{"start":{"line":11,"column":4},"end":{"line":11,"column":39}},"5":{"start":{"line":8,"column":0},"end":{"line":8,"column":13}}},"fnMap":{"0":{"name":"(anonymous_0)","decl":{"start":{"line":2,"column":2},"end":{"line":2,"column":null}},"loc":{"start":{"line":2,"column":2},"end":{"line":5,"column":3}}},"1":{"name":"(anonymous_1)","decl":{"start":{"line":9,"column":2},"end":{"line":9,"column":14}},"loc":{"start":{"line":9,"column":30},"end":{"line":12,"column":3}}}},"branchMap":{},"s":{"0":1,"1":1,"2":1,"3":1,"4":1,"5":1},"f":{"0":1,"1":1},"b":{}}
,"C:\\Users\\User\\bie-daalt-11\\partA\\lib\\impl\\LFUCache.ts": {"path":"C:\\Users\\User\\bie-daalt-11\\partA\\lib\\impl\\LFUCache.ts","statementMap":{"0":{"start":{"line":2,"column":0},"end":{"line":2,"column":48}},"1":{"start":{"line":5,"column":19},"end":{"line":5,"column":49}},"2":{"start":{"line":6,"column":19},"end":{"line":6,"column":52}},"3":{"start":{"line":9,"column":34},"end":{"line":9,"column":59}},"4":{"start":{"line":12,"column":4},"end":{"line":12,"column":48}},"5":{"start":{"line":12,"column":31},"end":{"line":12,"column":48}},"6":{"start":{"line":13,"column":4},"end":{"line":13,"column":54}},"7":{"start":{"line":14,"column":4},"end":{"line":14,"column":32}},"8":{"start":{"line":18,"column":4},"end":{"line":18,"column":85}},"9":{"start":{"line":18,"column":57},"end":{"line":18,"column":85}},"10":{"start":{"line":19,"column":4},"end":{"line":23,"column":5}},"11":{"start":{"line":20,"column":6},"end":{"line":20,"column":34}},"12":{"start":{"line":21,"column":6},"end":{"line":21,"column":56}},"13":{"start":{"line":22,"column":6},"end":{"line":22,"column":13}},"14":{"start":{"line":24,"column":4},"end":{"line":30,"column":5}},"15":{"start":{"line":25,"column":20},"end":{"line":25,"column":28}},"16":{"start":{"line":26,"column":6},"end":{"line":28,"column":7}},"17":{"start":{"line":27,"column":8},"end":{"line":27,"column":53}},"18":{"start":{"line":27,"column":27},"end":{"line":27,"column":39}},"19":{"start":{"line":27,"column":40},"end":{"line":27,"column":51}},"20":{"start":{"line":29,"column":6},"end":{"line":29,"column":89}},"21":{"start":{"line":29,"column":34},"end":{"line":29,"column":61}},"22":{"start":{"line":29,"column":62},"end":{"line":29,"column":87}},"23":{"start":{"line":31,"column":4},"end":{"line":31,"column":32}},"24":{"start":{"line":32,"column":4},"end":{"line":32,"column":26}},"25":{"start":{"line":35,"column":25},"end":{"line":35,"column":53}},"26":{"start":{"line":36,"column":28},"end":{"line":36,"column":50}},"27":{"start":{"line":36,"column":51},"end":{"line":36,"column":82}},"28":{"start":{"line":37,"column":18},"end":{"line":37,"column":38}},"29":{"start":{"line":37,"column":39},"end":{"line":37,"column":57}},"30":{"start":{"line":38,"column":23},"end":{"line":38,"column":47}},"31":{"start":{"line":4,"column":0},"end":{"line":4,"column":13}}},"fnMap":{"0":{"name":"(anonymous_0)","decl":{"start":{"line":9,"column":2},"end":{"line":9,"column":14}},"loc":{"start":{"line":9,"column":30},"end":{"line":9,"column":61}}},"1":{"name":"(anonymous_1)","decl":{"start":{"line":11,"column":2},"end":{"line":11,"column":5}},"loc":{"start":{"line":11,"column":12},"end":{"line":15,"column":3}}},"2":{"name":"(anonymous_2)","decl":{"start":{"line":17,"column":2},"end":{"line":17,"column":5}},"loc":{"start":{"line":17,"column":22},"end":{"line":33,"column":3}}},"3":{"name":"(anonymous_3)","decl":{"start":{"line":35,"column":2},"end":{"line":35,"column":5}},"loc":{"start":{"line":35,"column":12},"end":{"line":35,"column":55}}},"4":{"name":"(anonymous_4)","decl":{"start":{"line":36,"column":2},"end":{"line":36,"column":8}},"loc":{"start":{"line":36,"column":15},"end":{"line":36,"column":84}}},"5":{"name":"(anonymous_5)","decl":{"start":{"line":37,"column":2},"end":{"line":37,"column":7}},"loc":{"start":{"line":37,"column":7},"end":{"line":37,"column":59}}},"6":{"name":"(anonymous_6)","decl":{"start":{"line":38,"column":2},"end":{"line":38,"column":6}},"loc":{"start":{"line":38,"column":10},"end":{"line":38,"column":49}}}},"branchMap":{"0":{"loc":{"start":{"line":12,"column":4},"end":{"line":12,"column":48}},"type":"if","locations":[{"start":{"line":12,"column":4},"end":{"line":12,"column":48}}]},"1":{"loc":{"start":{"line":13,"column":24},"end":{"line":13,"column":47}},"type":"binary-expr","locations":[{"start":{"line":13,"column":24},"end":{"line":13,"column":42}},{"start":{"line":13,"column":46},"end":{"line":13,"column":47}}]},"2":{"loc":{"start":{"line":18,"column":4},"end":{"line":18,"column":85}},"type":"if","locations":[{"start":{"line":18,"column":4},"end":{"line":18,"column":85}}]},"3":{"loc":{"start":{"line":18,"column":8},"end":{"line":18,"column":55}},"type":"binary-expr","locations":[{"start":{"line":18,"column":8},"end":{"line":18,"column":18}},{"start":{"line":18,"column":22},"end":{"line":18,"column":34}},{"start":{"line":18,"column":38},"end":{"line":18,"column":55}}]},"4":{"loc":{"start":{"line":19,"column":4},"end":{"line":23,"column":5}},"type":"if","locations":[{"start":{"line":19,"column":4},"end":{"line":23,"column":5}}]},"5":{"loc":{"start":{"line":21,"column":26},"end":{"line":21,"column":49}},"type":"binary-expr","locations":[{"start":{"line":21,"column":26},"end":{"line":21,"column":44}},{"start":{"line":21,"column":48},"end":{"line":21,"column":49}}]},"6":{"loc":{"start":{"line":24,"column":4},"end":{"line":30,"column":5}},"type":"if","locations":[{"start":{"line":24,"column":4},"end":{"line":30,"column":5}}]},"7":{"loc":{"start":{"line":27,"column":8},"end":{"line":27,"column":53}},"type":"if","locations":[{"start":{"line":27,"column":8},"end":{"line":27,"column":53}}]},"8":{"loc":{"start":{"line":29,"column":6},"end":{"line":29,"column":89}},"type":"if","locations":[{"start":{"line":29,"column":6},"end":{"line":29,"column":89}}]}},"s":{"0":1,"1":5,"2":5,"3":5,"4":4,"5":1,"6":3,"7":3,"8":7,"9":0,"10":7,"11":0,"12":0,"13":0,"14":7,"15":1,"16":1,"17":2,"18":2,"19":2,"20":1,"21":1,"22":1,"23":7,"24":7,"25":2,"26":0,"27":0,"28":0,"29":0,"30":1,"31":1},"f":{"0":5,"1":4,"2":7,"3":2,"4":0,"5":0,"6":1},"b":{"0":[1],"1":[3,0],"2":[0],"3":[7,7,7],"4":[0],"5":[0,0],"6":[1],"7":[2],"8":[1]}}
,"C:\\Users\\User\\bie-daalt-11\\partA\\lib\\impl\\LRUCache.ts": {"path":"C:\\Users\\User\\bie-daalt-11\\partA\\lib\\impl\\LRUCache.ts","statementMap":{"0":{"start":{"line":2,"column":0},"end":{"line":2,"column":48}},"1":{"start":{"line":9,"column":4},"end":{"line":9,"column":29}},"2":{"start":{"line":10,"column":4},"end":{"line":10,"column":27}},"3":{"start":{"line":14,"column":4},"end":{"line":14,"column":47}},"4":{"start":{"line":14,"column":30},"end":{"line":14,"column":47}},"5":{"start":{"line":15,"column":18},"end":{"line":15,"column":38}},"6":{"start":{"line":16,"column":4},"end":{"line":16,"column":27}},"7":{"start":{"line":17,"column":4},"end":{"line":17,"column":31}},"8":{"start":{"line":18,"column":4},"end":{"line":18,"column":17}},"9":{"start":{"line":22,"column":4},"end":{"line":22,"column":85}},"10":{"start":{"line":22,"column":57},"end":{"line":22,"column":85}},"11":{"start":{"line":23,"column":4},"end":{"line":28,"column":5}},"12":{"start":{"line":24,"column":6},"end":{"line":24,"column":29}},"13":{"start":{"line":25,"column":11},"end":{"line":28,"column":5}},"14":{"start":{"line":26,"column":21},"end":{"line":26,"column":56}},"15":{"start":{"line":27,"column":6},"end":{"line":27,"column":32}},"16":{"start":{"line":29,"column":4},"end":{"line":29,"column":31}},"17":{"start":{"line":32,"column":25},"end":{"line":32,"column":52}},"18":{"start":{"line":33,"column":28},"end":{"line":33,"column":58}},"19":{"start":{"line":34,"column":18},"end":{"line":34,"column":37}},"20":{"start":{"line":35,"column":23},"end":{"line":35,"column":46}},"21":{"start":{"line":4,"column":0},"end":{"line":4,"column":13}}},"fnMap":{"0":{"name":"(anonymous_0)","decl":{"start":{"line":8,"column":2},"end":{"line":8,"column":14}},"loc":{"start":{"line":8,"column":30},"end":{"line":11,"column":3}}},"1":{"name":"(anonymous_1)","decl":{"start":{"line":13,"column":2},"end":{"line":13,"column":5}},"loc":{"start":{"line":13,"column":12},"end":{"line":19,"column":3}}},"2":{"name":"(anonymous_2)","decl":{"start":{"line":21,"column":2},"end":{"line":21,"column":5}},"loc":{"start":{"line":21,"column":22},"end":{"line":30,"column":3}}},"3":{"name":"(anonymous_3)","decl":{"start":{"line":32,"column":2},"end":{"line":32,"column":5}},"loc":{"start":{"line":32,"column":12},"end":{"line":32,"column":54}}},"4":{"name":"(anonymous_4)","decl":{"start":{"line":33,"column":2},"end":{"line":33,"column":8}},"loc":{"start":{"line":33,"column":15},"end":{"line":33,"column":60}}},"5":{"name":"(anonymous_5)","decl":{"start":{"line":34,"column":2},"end":{"line":34,"column":7}},"loc":{"start":{"line":34,"column":7},"end":{"line":34,"column":39}}},"6":{"name":"(anonymous_6)","decl":{"start":{"line":35,"column":2},"end":{"line":35,"column":6}},"loc":{"start":{"line":35,"column":10},"end":{"line":35,"column":48}}}},"branchMap":{"0":{"loc":{"start":{"line":14,"column":4},"end":{"line":14,"column":47}},"type":"if","locations":[{"start":{"line":14,"column":4},"end":{"line":14,"column":47}}]},"1":{"loc":{"start":{"line":22,"column":4},"end":{"line":22,"column":85}},"type":"if","locations":[{"start":{"line":22,"column":4},"end":{"line":22,"column":85}}]},"2":{"loc":{"start":{"line":22,"column":8},"end":{"line":22,"column":55}},"type":"binary-expr","locations":[{"start":{"line":22,"column":8},"end":{"line":22,"column":18}},{"start":{"line":22,"column":22},"end":{"line":22,"column":34}},{"start":{"line":22,"column":38},"end":{"line":22,"column":55}}]},"3":{"loc":{"start":{"line":23,"column":4},"end":{"line":28,"column":5}},"type":"if","locations":[{"start":{"line":23,"column":4},"end":{"line":28,"column":5}},{"start":{"line":25,"column":11},"end":{"line":28,"column":5}}]},"4":{"loc":{"start":{"line":25,"column":11},"end":{"line":28,"column":5}},"type":"if","locations":[{"start":{"line":25,"column":11},"end":{"line":28,"column":5}}]}},"s":{"0":1,"1":8,"2":8,"3":8,"4":3,"5":5,"6":5,"7":5,"8":5,"9":11,"10":1,"11":10,"12":0,"13":10,"14":2,"15":2,"16":10,"17":1,"18":1,"19":1,"20":2,"21":1},"f":{"0":8,"1":8,"2":11,"3":1,"4":1,"5":1,"6":2},"b":{"0":[3],"1":[1],"2":[11,10,10],"3":[0,10],"4":[2]}}
,"C:\\Users\\User\\bie-daalt-11\\partA\\lib\\impl\\TTLCache.ts": {"path":"C:\\Users\\User\\bie-daalt-11\\partA\\lib\\impl\\TTLCache.ts","statementMap":{"0":{"start":{"line":2,"column":0},"end":{"line":2,"column":48}},"1":{"start":{"line":7,"column":19},"end":{"line":7,"column":55}},"2":{"start":{"line":10,"column":31},"end":{"line":10,"column":50}},"3":{"start":{"line":13,"column":18},"end":{"line":13,"column":37}},"4":{"start":{"line":14,"column":4},"end":{"line":14,"column":33}},"5":{"start":{"line":14,"column":16},"end":{"line":14,"column":33}},"6":{"start":{"line":15,"column":4},"end":{"line":15,"column":83}},"7":{"start":{"line":15,"column":40},"end":{"line":15,"column":63}},"8":{"start":{"line":15,"column":64},"end":{"line":15,"column":81}},"9":{"start":{"line":16,"column":4},"end":{"line":16,"column":23}},"10":{"start":{"line":20,"column":4},"end":{"line":20,"column":85}},"11":{"start":{"line":20,"column":57},"end":{"line":20,"column":85}},"12":{"start":{"line":21,"column":4},"end":{"line":21,"column":71}},"13":{"start":{"line":24,"column":25},"end":{"line":24,"column":60}},"14":{"start":{"line":25,"column":28},"end":{"line":25,"column":58}},"15":{"start":{"line":26,"column":18},"end":{"line":26,"column":37}},"16":{"start":{"line":28,"column":16},"end":{"line":28,"column":17}},"17":{"start":{"line":29,"column":16},"end":{"line":29,"column":26}},"18":{"start":{"line":30,"column":4},"end":{"line":30,"column":85}},"19":{"start":{"line":30,"column":47},"end":{"line":30,"column":83}},"20":{"start":{"line":30,"column":75},"end":{"line":30,"column":83}},"21":{"start":{"line":31,"column":4},"end":{"line":31,"column":17}},"22":{"start":{"line":6,"column":0},"end":{"line":6,"column":13}}},"fnMap":{"0":{"name":"(anonymous_0)","decl":{"start":{"line":10,"column":2},"end":{"line":10,"column":14}},"loc":{"start":{"line":10,"column":27},"end":{"line":10,"column":52}}},"1":{"name":"(anonymous_1)","decl":{"start":{"line":12,"column":2},"end":{"line":12,"column":5}},"loc":{"start":{"line":12,"column":12},"end":{"line":17,"column":3}}},"2":{"name":"(anonymous_2)","decl":{"start":{"line":19,"column":2},"end":{"line":19,"column":5}},"loc":{"start":{"line":19,"column":22},"end":{"line":22,"column":3}}},"3":{"name":"(anonymous_3)","decl":{"start":{"line":24,"column":2},"end":{"line":24,"column":5}},"loc":{"start":{"line":24,"column":12},"end":{"line":24,"column":62}}},"4":{"name":"(anonymous_4)","decl":{"start":{"line":25,"column":2},"end":{"line":25,"column":8}},"loc":{"start":{"line":25,"column":15},"end":{"line":25,"column":60}}},"5":{"name":"(anonymous_5)","decl":{"start":{"line":26,"column":2},"end":{"line":26,"column":7}},"loc":{"start":{"line":26,"column":7},"end":{"line":26,"column":39}}},"6":{"name":"(anonymous_6)","decl":{"start":{"line":27,"column":2},"end":{"line":27,"column":6}},"loc":{"start":{"line":27,"column":10},"end":{"line":32,"column":3}}}},"branchMap":{"0":{"loc":{"start":{"line":14,"column":4},"end":{"line":14,"column":33}},"type":"if","locations":[{"start":{"line":14,"column":4},"end":{"line":14,"column":33}}]},"1":{"loc":{"start":{"line":15,"column":4},"end":{"line":15,"column":83}},"type":"if","locations":[{"start":{"line":15,"column":4},"end":{"line":15,"column":83}}]},"2":{"loc":{"start":{"line":20,"column":4},"end":{"line":20,"column":85}},"type":"if","locations":[{"start":{"line":20,"column":4},"end":{"line":20,"column":85}}]},"3":{"loc":{"start":{"line":20,"column":8},"end":{"line":20,"column":55}},"type":"binary-expr","locations":[{"start":{"line":20,"column":8},"end":{"line":20,"column":18}},{"start":{"line":20,"column":22},"end":{"line":20,"column":34}},{"start":{"line":20,"column":38},"end":{"line":20,"column":55}}]},"4":{"loc":{"start":{"line":30,"column":47},"end":{"line":30,"column":83}},"type":"if","locations":[{"start":{"line":30,"column":47},"end":{"line":30,"column":83}}]}},"s":{"0":1,"1":5,"2":5,"3":3,"4":3,"5":0,"6":3,"7":2,"8":2,"9":1,"10":5,"11":0,"12":5,"13":1,"14":0,"15":0,"16":1,"17":1,"18":1,"19":2,"20":0,"21":1,"22":1},"f":{"0":5,"1":3,"2":5,"3":1,"4":0,"5":0,"6":1},"b":{"0":[0],"1":[2],"2":[0],"3":[5,5,5],"4":[0]}}
}
