TN:
SF:lib\api\CacheFactory.ts
FN:11,(anonymous_0)
FNF:1
FNH:1
FNDA:19,(anonymous_0)
DA:2,1
DA:3,1
DA:4,1
DA:5,1
DA:10,1
DA:12,19
DA:13,19
DA:14,19
DA:15,18
DA:16,8
DA:17,5
DA:18,5
LF:12
LH:12
BRDA:11,0,0,0
BRDA:12,1,0,19
BRDA:12,1,1,5
BRDA:13,2,0,19
BRDA:13,2,1,14
BRDA:14,3,0,1
BRDA:15,4,0,8
BRDA:15,4,1,5
BRDA:15,4,2,5
BRF:9
BRH:8
end_of_record
TN:
SF:lib\api\errors.ts
FN:2,(anonymous_0)
FN:9,(anonymous_1)
FNF:2
FNH:2
FNDA:1,(anonymous_0)
FNDA:1,(anonymous_1)
DA:1,1
DA:3,1
DA:4,1
DA:8,1
DA:10,1
DA:11,1
LF:6
LH:6
BRF:0
BRH:0
end_of_record
TN:
SF:lib\impl\LFUCache.ts
FN:9,(anonymous_0)
FN:11,(anonymous_1)
FN:17,(anonymous_2)
FN:35,(anonymous_3)
FN:36,(anonymous_4)
FN:37,(anonymous_5)
FN:38,(anonymous_6)
FNF:7
FNH:5
FNDA:5,(anonymous_0)
FNDA:4,(anonymous_1)
FNDA:7,(anonymous_2)
FNDA:2,(anonymous_3)
FNDA:0,(anonymous_4)
FNDA:0,(anonymous_5)
FNDA:1,(anonymous_6)
DA:2,1
DA:4,1
DA:5,5
DA:6,5
DA:9,5
DA:12,4
DA:13,3
DA:14,3
DA:18,7
DA:19,7
DA:20,0
DA:21,0
DA:22,0
DA:24,7
DA:25,1
DA:26,1
DA:27,2
DA:29,1
DA:31,7
DA:32,7
DA:35,2
DA:36,0
DA:37,0
DA:38,1
LF:24
LH:19
BRDA:12,0,0,1
BRDA:13,1,0,3
BRDA:13,1,1,0
BRDA:18,2,0,0
BRDA:18,3,0,7
BRDA:18,3,1,7
BRDA:18,3,2,7
BRDA:19,4,0,0
BRDA:21,5,0,0
BRDA:21,5,1,0
BRDA:24,6,0,1
BRDA:27,7,0,2
BRDA:29,8,0,1
BRF:13
BRH:8
end_of_record
TN:
SF:lib\impl\LRUCache.ts
FN:8,(anonymous_0)
FN:13,(anonymous_1)
FN:21,(anonymous_2)
FN:32,(anonymous_3)
FN:33,(anonymous_4)
FN:34,(anonymous_5)
FN:35,(anonymous_6)
FNF:7
FNH:7
FNDA:8,(anonymous_0)
FNDA:8,(anonymous_1)
FNDA:11,(anonymous_2)
FNDA:1,(anonymous_3)
FNDA:1,(anonymous_4)
FNDA:1,(anonymous_5)
FNDA:2,(anonymous_6)
DA:2,1
DA:4,1
DA:9,8
DA:10,8
DA:14,8
DA:15,5
DA:16,5
DA:17,5
DA:18,5
DA:22,11
DA:23,10
DA:24,0
DA:25,10
DA:26,2
DA:27,2
DA:29,10
DA:32,1
DA:33,1
DA:34,1
DA:35,2
LF:20
LH:19
BRDA:14,0,0,3
BRDA:22,1,0,1
BRDA:22,2,0,11
BRDA:22,2,1,10
BRDA:22,2,2,10
BRDA:23,3,0,0
BRDA:23,3,1,10
BRDA:25,4,0,2
BRF:8
BRH:7
end_of_record
TN:
SF:lib\impl\TTLCache.ts
FN:10,(anonymous_0)
FN:12,(anonymous_1)
FN:19,(anonymous_2)
FN:24,(anonymous_3)
FN:25,(anonymous_4)
FN:26,(anonymous_5)
FN:27,(anonymous_6)
FNF:7
FNH:5
FNDA:5,(anonymous_0)
FNDA:3,(anonymous_1)
FNDA:5,(anonymous_2)
FNDA:1,(anonymous_3)
FNDA:0,(anonymous_4)
FNDA:0,(anonymous_5)
FNDA:1,(anonymous_6)
DA:2,1
DA:6,1
DA:7,5
DA:10,5
DA:13,3
DA:14,3
DA:15,3
DA:16,1
DA:20,5
DA:21,5
DA:24,1
DA:25,0
DA:26,0
DA:28,1
DA:29,1
DA:30,2
DA:31,1
LF:17
LH:15
BRDA:14,0,0,0
BRDA:15,1,0,2
BRDA:20,2,0,0
BRDA:20,3,0,5
BRDA:20,3,1,5
BRDA:20,3,2,5
BRDA:30,4,0,0
BRF:7
BRH:4
end_of_record
